2026-06-09 16:01:24,853 - ev_fleet_management.src.data_ingestion - INFO - Creating database tables if not exist...
2026-06-09 16:01:24,861 - ev_fleet_management.src.data_ingestion - INFO - Starting database seeding from Excel files...
2026-06-09 16:01:27,437 - ev_fleet_management.src.data_ingestion - INFO - Excel files loaded successfully.
2026-06-09 16:01:27,495 - passlib.handlers.bcrypt - WARNING - (trapped) error reading bcrypt version
Traceback (most recent call last):
  File "C:\Users\BHARATH\py\Lib\site-packages\passlib\handlers\bcrypt.py", line 620, in _load_backend_mixin
    version = _bcrypt.__about__.__version__
              ^^^^^^^^^^^^^^^^^
AttributeError: module 'bcrypt' has no attribute '__about__'
2026-06-09 16:01:45,440 - ev_fleet_management.src.data_ingestion - INFO - Creating database tables if not exist...
2026-06-09 16:01:45,449 - ev_fleet_management.src.data_ingestion - INFO - Starting database seeding from Excel files...
2026-06-09 16:01:47,923 - ev_fleet_management.src.data_ingestion - INFO - Excel files loaded successfully.
2026-06-09 16:01:48,270 - ev_fleet_management.src.data_ingestion - INFO - Added Admin User: A001
2026-06-09 16:01:48,271 - ev_fleet_management.src.data_ingestion - INFO - Added Admin User: A002
2026-06-09 16:01:48,271 - ev_fleet_management.src.data_ingestion - INFO - Added Admin User: A003
2026-06-09 16:01:48,271 - ev_fleet_management.src.data_ingestion - INFO - Added Admin User: A004
2026-06-09 16:01:48,271 - ev_fleet_management.src.data_ingestion - INFO - Added Driver: D001 linked to EV: EV-D001
2026-06-09 16:01:48,271 - ev_fleet_management.src.data_ingestion - INFO - Added Driver: D002 linked to EV: EV-D002
2026-06-09 16:01:48,271 - ev_fleet_management.src.data_ingestion - INFO - Added Driver: D003 linked to EV: EV-D003
2026-06-09 16:01:48,272 - ev_fleet_management.src.data_ingestion - INFO - Added Driver: D004 linked to EV: EV-D004
2026-06-09 16:01:48,272 - ev_fleet_management.src.data_ingestion - INFO - Added Driver: D005 linked to EV: EV-D005
2026-06-09 16:01:48,272 - ev_fleet_management.src.data_ingestion - INFO - Added Driver: D006 linked to EV: EV-D006
2026-06-09 16:01:48,272 - ev_fleet_management.src.data_ingestion - INFO - Added Driver: D007 linked to EV: EV-D007
2026-06-09 16:01:48,272 - ev_fleet_management.src.data_ingestion - INFO - Added Driver: D008 linked to EV: EV-D008
2026-06-09 16:01:48,272 - ev_fleet_management.src.data_ingestion - INFO - Added Driver: D009 linked to EV: EV-D009
2026-06-09 16:01:48,272 - ev_fleet_management.src.data_ingestion - INFO - Added Driver: D010 linked to EV: EV-D010
2026-06-09 16:01:48,279 - ev_fleet_management.src.data_ingestion - INFO - Ingesting timeseries telemetry data (15,000 records)...
2026-06-09 16:02:00,612 - ev_fleet_management.src.data_ingestion - INFO - Creating database tables if not exist...
2026-06-09 16:02:00,620 - ev_fleet_management.src.data_ingestion - INFO - Starting database seeding from Excel files...
2026-06-09 16:02:03,034 - ev_fleet_management.src.data_ingestion - INFO - Excel files loaded successfully.
2026-06-09 16:02:03,246 - ev_fleet_management.src.data_ingestion - INFO - Added Admin User: A001
2026-06-09 16:02:03,246 - ev_fleet_management.src.data_ingestion - INFO - Added Admin User: A002
2026-06-09 16:02:03,247 - ev_fleet_management.src.data_ingestion - INFO - Added Admin User: A003
2026-06-09 16:02:03,247 - ev_fleet_management.src.data_ingestion - INFO - Added Admin User: A004
2026-06-09 16:02:03,247 - ev_fleet_management.src.data_ingestion - INFO - Added Driver: D001 linked to EV: EV-D001
2026-06-09 16:02:03,248 - ev_fleet_management.src.data_ingestion - INFO - Added Driver: D002 linked to EV: EV-D002
2026-06-09 16:02:03,248 - ev_fleet_management.src.data_ingestion - INFO - Added Driver: D003 linked to EV: EV-D003
2026-06-09 16:02:03,248 - ev_fleet_management.src.data_ingestion - INFO - Added Driver: D004 linked to EV: EV-D004
2026-06-09 16:02:03,248 - ev_fleet_management.src.data_ingestion - INFO - Added Driver: D005 linked to EV: EV-D005
2026-06-09 16:02:03,248 - ev_fleet_management.src.data_ingestion - INFO - Added Driver: D006 linked to EV: EV-D006
2026-06-09 16:02:03,248 - ev_fleet_management.src.data_ingestion - INFO - Added Driver: D007 linked to EV: EV-D007
2026-06-09 16:02:03,249 - ev_fleet_management.src.data_ingestion - INFO - Added Driver: D008 linked to EV: EV-D008
2026-06-09 16:02:03,249 - ev_fleet_management.src.data_ingestion - INFO - Added Driver: D009 linked to EV: EV-D009
2026-06-09 16:02:03,249 - ev_fleet_management.src.data_ingestion - INFO - Added Driver: D010 linked to EV: EV-D010
2026-06-09 16:02:03,260 - ev_fleet_management.src.data_ingestion - INFO - Ingesting timeseries telemetry data (15,000 records)...
2026-06-09 16:02:03,900 - ev_fleet_management.src.data_ingestion - INFO - Executing bulk insert for Telemetry...
2026-06-09 16:02:04,171 - ev_fleet_management.src.data_ingestion - INFO - Ingested 15000 telemetry records successfully!
2026-06-09 16:02:04,171 - ev_fleet_management.src.data_ingestion - INFO - Generating initial alerts...
2026-06-09 16:02:04,176 - ev_fleet_management.src.data_ingestion - INFO - Initial alerts seeded successfully.
2026-06-09 16:07:34,505 - main - INFO - Application starting up...
2026-06-09 16:07:34,505 - ev_fleet_management.src.data_ingestion - INFO - Creating database tables if not exist...
2026-06-09 16:07:34,515 - ev_fleet_management.src.data_ingestion - INFO - Database already seeded. Skipping ingestion.
2026-06-09 16:07:34,734 - ev_fleet_management.src.auth - INFO - 📧 Mock Email Verification dispatched to driver999@evfleet.com!
2026-06-09 16:07:34,734 - ev_fleet_management.src.auth - INFO - 👉 CLICK TO VERIFY ACCOUNT: http://127.0.0.1:8000/api/auth/verify/verify_D999
2026-06-09 16:07:34,735 - httpx - INFO - HTTP Request: POST http://testserver/api/auth/register "HTTP/1.1 201 Created"
2026-06-09 16:07:34,743 - main - INFO - Application starting up...
2026-06-09 16:07:34,744 - ev_fleet_management.src.data_ingestion - INFO - Creating database tables if not exist...
2026-06-09 16:07:34,745 - ev_fleet_management.src.data_ingestion - INFO - Database already seeded. Skipping ingestion.
2026-06-09 16:07:34,936 - ev_fleet_management.src.auth - INFO - 📧 Mock Email Verification dispatched to driver888@evfleet.com!
2026-06-09 16:07:34,936 - ev_fleet_management.src.auth - INFO - 👉 CLICK TO VERIFY ACCOUNT: http://127.0.0.1:8000/api/auth/verify/verify_D888
2026-06-09 16:07:34,937 - httpx - INFO - HTTP Request: POST http://testserver/api/auth/register "HTTP/1.1 201 Created"
2026-06-09 16:07:34,939 - httpx - INFO - HTTP Request: POST http://testserver/api/auth/register "HTTP/1.1 400 Bad Request"
2026-06-09 16:07:34,946 - main - INFO - Application starting up...
2026-06-09 16:07:34,946 - ev_fleet_management.src.data_ingestion - INFO - Creating database tables if not exist...
2026-06-09 16:07:34,947 - ev_fleet_management.src.data_ingestion - INFO - Database already seeded. Skipping ingestion.
2026-06-09 16:07:35,151 - ev_fleet_management.src.auth - INFO - 📧 Mock Email Verification dispatched to driver777@evfleet.com!
2026-06-09 16:07:35,151 - ev_fleet_management.src.auth - INFO - 👉 CLICK TO VERIFY ACCOUNT: http://127.0.0.1:8000/api/auth/verify/verify_D777
2026-06-09 16:07:35,152 - httpx - INFO - HTTP Request: POST http://testserver/api/auth/register "HTTP/1.1 201 Created"
2026-06-09 16:07:35,337 - httpx - INFO - HTTP Request: POST http://testserver/api/auth/login "HTTP/1.1 401 Unauthorized"
2026-06-09 16:07:35,344 - main - INFO - Application starting up...
2026-06-09 16:07:35,344 - ev_fleet_management.src.data_ingestion - INFO - Creating database tables if not exist...
2026-06-09 16:07:35,345 - ev_fleet_management.src.data_ingestion - INFO - Database already seeded. Skipping ingestion.
2026-06-09 16:07:35,533 - ev_fleet_management.src.auth - INFO - 📧 Mock Email Verification dispatched to driver666@evfleet.com!
2026-06-09 16:07:35,533 - ev_fleet_management.src.auth - INFO - 👉 CLICK TO VERIFY ACCOUNT: http://127.0.0.1:8000/api/auth/verify/verify_D666
2026-06-09 16:07:35,534 - httpx - INFO - HTTP Request: POST http://testserver/api/auth/register "HTTP/1.1 201 Created"
2026-06-09 16:07:35,537 - httpx - INFO - HTTP Request: GET http://testserver/api/auth/verify/verify_D666 "HTTP/1.1 200 OK"
2026-06-09 16:07:35,735 - httpx - INFO - HTTP Request: POST http://testserver/api/auth/login "HTTP/1.1 200 OK"
2026-06-09 16:07:35,739 - httpx - INFO - HTTP Request: GET http://testserver/api/auth/me "HTTP/1.1 200 OK"
2026-06-09 16:07:35,741 - httpx - INFO - HTTP Request: POST http://testserver/api/auth/logout "HTTP/1.1 200 OK"
2026-06-09 16:07:35,750 - main - INFO - Application starting up...
2026-06-09 16:07:35,750 - ev_fleet_management.src.data_ingestion - INFO - Creating database tables if not exist...
2026-06-09 16:07:35,751 - ev_fleet_management.src.data_ingestion - INFO - Database already seeded. Skipping ingestion.
2026-06-09 16:07:35,965 - httpx - INFO - HTTP Request: GET http://testserver/api/analytics/correlation-matrix "HTTP/1.1 200 OK"
2026-06-09 16:07:35,973 - main - INFO - Application starting up...
2026-06-09 16:07:35,973 - ev_fleet_management.src.data_ingestion - INFO - Creating database tables if not exist...
2026-06-09 16:07:35,974 - ev_fleet_management.src.data_ingestion - INFO - Database already seeded. Skipping ingestion.
2026-06-09 16:07:35,976 - httpx - INFO - HTTP Request: GET http://testserver/api/analytics/charts "HTTP/1.1 200 OK"
2026-06-09 16:07:35,986 - main - INFO - Application starting up...
2026-06-09 16:07:35,986 - ev_fleet_management.src.data_ingestion - INFO - Creating database tables if not exist...
2026-06-09 16:07:35,988 - ev_fleet_management.src.data_ingestion - INFO - Database already seeded. Skipping ingestion.
2026-06-09 16:07:36,002 - httpx - INFO - HTTP Request: GET http://testserver/api/analytics/driver-efficiency "HTTP/1.1 200 OK"
2026-06-09 16:07:36,012 - main - INFO - Application starting up...
2026-06-09 16:07:36,012 - ev_fleet_management.src.data_ingestion - INFO - Creating database tables if not exist...
2026-06-09 16:07:36,013 - ev_fleet_management.src.data_ingestion - INFO - Database already seeded. Skipping ingestion.
2026-06-09 16:07:36,216 - httpx - INFO - HTTP Request: GET http://testserver/api/analytics/fleet-report "HTTP/1.1 200 OK"
2026-06-09 16:07:36,384 - main - INFO - Application starting up...
2026-06-09 16:07:36,384 - ev_fleet_management.src.data_ingestion - INFO - Creating database tables if not exist...
2026-06-09 16:07:36,385 - ev_fleet_management.src.data_ingestion - INFO - Database already seeded. Skipping ingestion.
2026-06-09 16:07:36,388 - ev_fleet_management.src.analytics - ERROR - Error getting driver violations for D111: List argument must consist only of tuples or dictionaries
2026-06-09 16:07:36,389 - httpx - INFO - HTTP Request: GET http://testserver/api/analytics/driver-violations/D111 "HTTP/1.1 500 Internal Server Error"
2026-06-09 16:08:41,211 - main - INFO - Application starting up...
2026-06-09 16:08:41,211 - ev_fleet_management.src.data_ingestion - INFO - Creating database tables if not exist...
2026-06-09 16:08:41,220 - ev_fleet_management.src.data_ingestion - INFO - Database already seeded. Skipping ingestion.
2026-06-09 16:08:41,440 - ev_fleet_management.src.auth - INFO - 📧 Mock Email Verification dispatched to driver999@evfleet.com!
2026-06-09 16:08:41,441 - ev_fleet_management.src.auth - INFO - 👉 CLICK TO VERIFY ACCOUNT: http://127.0.0.1:8000/api/auth/verify/verify_D999
2026-06-09 16:08:41,442 - httpx - INFO - HTTP Request: POST http://testserver/api/auth/register "HTTP/1.1 201 Created"
2026-06-09 16:08:41,449 - main - INFO - Application starting up...
2026-06-09 16:08:41,450 - ev_fleet_management.src.data_ingestion - INFO - Creating database tables if not exist...
2026-06-09 16:08:41,451 - ev_fleet_management.src.data_ingestion - INFO - Database already seeded. Skipping ingestion.
2026-06-09 16:08:41,640 - ev_fleet_management.src.auth - INFO - 📧 Mock Email Verification dispatched to driver888@evfleet.com!
2026-06-09 16:08:41,640 - ev_fleet_management.src.auth - INFO - 👉 CLICK TO VERIFY ACCOUNT: http://127.0.0.1:8000/api/auth/verify/verify_D888
2026-06-09 16:08:41,641 - httpx - INFO - HTTP Request: POST http://testserver/api/auth/register "HTTP/1.1 201 Created"
2026-06-09 16:08:41,643 - httpx - INFO - HTTP Request: POST http://testserver/api/auth/register "HTTP/1.1 400 Bad Request"
2026-06-09 16:08:41,650 - main - INFO - Application starting up...
2026-06-09 16:08:41,650 - ev_fleet_management.src.data_ingestion - INFO - Creating database tables if not exist...
2026-06-09 16:08:41,651 - ev_fleet_management.src.data_ingestion - INFO - Database already seeded. Skipping ingestion.
2026-06-09 16:08:41,844 - ev_fleet_management.src.auth - INFO - 📧 Mock Email Verification dispatched to driver777@evfleet.com!
2026-06-09 16:08:41,844 - ev_fleet_management.src.auth - INFO - 👉 CLICK TO VERIFY ACCOUNT: http://127.0.0.1:8000/api/auth/verify/verify_D777
2026-06-09 16:08:41,845 - httpx - INFO - HTTP Request: POST http://testserver/api/auth/register "HTTP/1.1 201 Created"
2026-06-09 16:08:42,035 - httpx - INFO - HTTP Request: POST http://testserver/api/auth/login "HTTP/1.1 401 Unauthorized"
2026-06-09 16:08:42,041 - main - INFO - Application starting up...
2026-06-09 16:08:42,041 - ev_fleet_management.src.data_ingestion - INFO - Creating database tables if not exist...
2026-06-09 16:08:42,043 - ev_fleet_management.src.data_ingestion - INFO - Database already seeded. Skipping ingestion.
2026-06-09 16:08:42,237 - ev_fleet_management.src.auth - INFO - 📧 Mock Email Verification dispatched to driver666@evfleet.com!
2026-06-09 16:08:42,237 - ev_fleet_management.src.auth - INFO - 👉 CLICK TO VERIFY ACCOUNT: http://127.0.0.1:8000/api/auth/verify/verify_D666
2026-06-09 16:08:42,238 - httpx - INFO - HTTP Request: POST http://testserver/api/auth/register "HTTP/1.1 201 Created"
2026-06-09 16:08:42,242 - httpx - INFO - HTTP Request: GET http://testserver/api/auth/verify/verify_D666 "HTTP/1.1 200 OK"
2026-06-09 16:08:42,435 - httpx - INFO - HTTP Request: POST http://testserver/api/auth/login "HTTP/1.1 200 OK"
2026-06-09 16:08:42,438 - httpx - INFO - HTTP Request: GET http://testserver/api/auth/me "HTTP/1.1 200 OK"
2026-06-09 16:08:42,442 - httpx - INFO - HTTP Request: POST http://testserver/api/auth/logout "HTTP/1.1 200 OK"
2026-06-09 16:08:42,450 - main - INFO - Application starting up...
2026-06-09 16:08:42,450 - ev_fleet_management.src.data_ingestion - INFO - Creating database tables if not exist...
2026-06-09 16:08:42,451 - ev_fleet_management.src.data_ingestion - INFO - Database already seeded. Skipping ingestion.
2026-06-09 16:08:42,625 - httpx - INFO - HTTP Request: GET http://testserver/api/analytics/correlation-matrix "HTTP/1.1 200 OK"
2026-06-09 16:08:42,631 - main - INFO - Application starting up...
2026-06-09 16:08:42,632 - ev_fleet_management.src.data_ingestion - INFO - Creating database tables if not exist...
2026-06-09 16:08:42,633 - ev_fleet_management.src.data_ingestion - INFO - Database already seeded. Skipping ingestion.
2026-06-09 16:08:42,634 - httpx - INFO - HTTP Request: GET http://testserver/api/analytics/charts "HTTP/1.1 200 OK"
2026-06-09 16:08:42,645 - main - INFO - Application starting up...
2026-06-09 16:08:42,645 - ev_fleet_management.src.data_ingestion - INFO - Creating database tables if not exist...
2026-06-09 16:08:42,647 - ev_fleet_management.src.data_ingestion - INFO - Database already seeded. Skipping ingestion.
2026-06-09 16:08:42,660 - httpx - INFO - HTTP Request: GET http://testserver/api/analytics/driver-efficiency "HTTP/1.1 200 OK"
2026-06-09 16:08:42,670 - main - INFO - Application starting up...
2026-06-09 16:08:42,671 - ev_fleet_management.src.data_ingestion - INFO - Creating database tables if not exist...
2026-06-09 16:08:42,672 - ev_fleet_management.src.data_ingestion - INFO - Database already seeded. Skipping ingestion.
2026-06-09 16:08:42,694 - httpx - INFO - HTTP Request: GET http://testserver/api/analytics/fleet-report "HTTP/1.1 200 OK"
2026-06-09 16:08:42,703 - main - INFO - Application starting up...
2026-06-09 16:08:42,704 - ev_fleet_management.src.data_ingestion - INFO - Creating database tables if not exist...
2026-06-09 16:08:42,705 - ev_fleet_management.src.data_ingestion - INFO - Database already seeded. Skipping ingestion.
2026-06-09 16:08:42,712 - httpx - INFO - HTTP Request: GET http://testserver/api/analytics/driver-violations/D111 "HTTP/1.1 200 OK"
2026-06-09 16:08:53,394 - __main__ - INFO - Starting server at http://127.0.0.1:8000
2026-06-09 16:08:54,558 - main - INFO - Application starting up...
2026-06-09 16:08:54,559 - ev_fleet_management.src.data_ingestion - INFO - Creating database tables if not exist...
2026-06-09 16:08:54,569 - ev_fleet_management.src.data_ingestion - INFO - Database already seeded. Skipping ingestion.
2026-06-09 16:16:03,748 - __main__ - INFO - Starting server at http://127.0.0.1:8000
2026-06-09 16:16:04,961 - main - INFO - Application starting up...
2026-06-09 16:16:04,962 - ev_fleet_management.src.data_ingestion - INFO - Creating database tables if not exist...
2026-06-09 16:16:04,971 - ev_fleet_management.src.data_ingestion - INFO - Database already seeded. Skipping ingestion.
2026-06-09 16:34:25,268 - __main__ - INFO - Starting server at http://127.0.0.1:8000
2026-06-09 16:34:27,392 - main - INFO - Application starting up...
2026-06-09 16:34:27,393 - ev_fleet_management.src.data_ingestion - INFO - Creating database tables if not exist...
2026-06-09 16:34:27,405 - ev_fleet_management.src.data_ingestion - INFO - Database already seeded. Skipping ingestion.
2026-06-10 09:19:53,388 - main - INFO - Application starting up...
2026-06-10 09:19:53,389 - ev_fleet_management.src.data_ingestion - INFO - Creating database tables if not exist...
2026-06-10 09:19:53,402 - ev_fleet_management.src.data_ingestion - INFO - Database already seeded. Skipping ingestion.
2026-06-10 09:19:53,750 - ev_fleet_management.src.auth - INFO - 📧 Mock Email Verification dispatched to driver999@evfleet.com!
2026-06-10 09:19:53,750 - ev_fleet_management.src.auth - INFO - 👉 CLICK TO VERIFY ACCOUNT: http://127.0.0.1:8000/api/auth/verify/verify_D999
2026-06-10 09:19:53,751 - httpx - INFO - HTTP Request: POST http://testserver/api/auth/register "HTTP/1.1 201 Created"
2026-06-10 09:19:53,764 - main - INFO - Application starting up...
2026-06-10 09:19:53,765 - ev_fleet_management.src.data_ingestion - INFO - Creating database tables if not exist...
2026-06-10 09:19:53,767 - ev_fleet_management.src.data_ingestion - INFO - Database already seeded. Skipping ingestion.
2026-06-10 09:19:54,013 - ev_fleet_management.src.auth - INFO - 📧 Mock Email Verification dispatched to driver888@evfleet.com!
2026-06-10 09:19:54,014 - ev_fleet_management.src.auth - INFO - 👉 CLICK TO VERIFY ACCOUNT: http://127.0.0.1:8000/api/auth/verify/verify_D888
2026-06-10 09:19:54,014 - httpx - INFO - HTTP Request: POST http://testserver/api/auth/register "HTTP/1.1 201 Created"
2026-06-10 09:19:54,020 - httpx - INFO - HTTP Request: POST http://testserver/api/auth/register "HTTP/1.1 400 Bad Request"
2026-06-10 09:19:54,030 - main - INFO - Application starting up...
2026-06-10 09:19:54,031 - ev_fleet_management.src.data_ingestion - INFO - Creating database tables if not exist...
2026-06-10 09:19:54,033 - ev_fleet_management.src.data_ingestion - INFO - Database already seeded. Skipping ingestion.
2026-06-10 09:19:54,373 - ev_fleet_management.src.auth - INFO - 📧 Mock Email Verification dispatched to driver777@evfleet.com!
2026-06-10 09:19:54,373 - ev_fleet_management.src.auth - INFO - 👉 CLICK TO VERIFY ACCOUNT: http://127.0.0.1:8000/api/auth/verify/verify_D777
2026-06-10 09:19:54,374 - httpx - INFO - HTTP Request: POST http://testserver/api/auth/register "HTTP/1.1 201 Created"
2026-06-10 09:19:54,675 - httpx - INFO - HTTP Request: POST http://testserver/api/auth/login "HTTP/1.1 401 Unauthorized"
2026-06-10 09:19:54,683 - main - INFO - Application starting up...
2026-06-10 09:19:54,683 - ev_fleet_management.src.data_ingestion - INFO - Creating database tables if not exist...
2026-06-10 09:19:54,685 - ev_fleet_management.src.data_ingestion - INFO - Database already seeded. Skipping ingestion.
2026-06-10 09:19:55,022 - ev_fleet_management.src.auth - INFO - 📧 Mock Email Verification dispatched to driver666@evfleet.com!
2026-06-10 09:19:55,022 - ev_fleet_management.src.auth - INFO - 👉 CLICK TO VERIFY ACCOUNT: http://127.0.0.1:8000/api/auth/verify/verify_D666
2026-06-10 09:19:55,024 - httpx - INFO - HTTP Request: POST http://testserver/api/auth/register "HTTP/1.1 201 Created"
2026-06-10 09:19:55,031 - httpx - INFO - HTTP Request: GET http://testserver/api/auth/verify/verify_D666 "HTTP/1.1 200 OK"
2026-06-10 09:19:55,256 - httpx - INFO - HTTP Request: POST http://testserver/api/auth/login "HTTP/1.1 200 OK"
2026-06-10 09:19:55,259 - httpx - INFO - HTTP Request: GET http://testserver/api/auth/me "HTTP/1.1 200 OK"
2026-06-10 09:19:55,261 - httpx - INFO - HTTP Request: POST http://testserver/api/auth/logout "HTTP/1.1 200 OK"
2026-06-10 09:19:55,270 - main - INFO - Application starting up...
2026-06-10 09:19:55,270 - ev_fleet_management.src.data_ingestion - INFO - Creating database tables if not exist...
2026-06-10 09:19:55,271 - ev_fleet_management.src.data_ingestion - INFO - Database already seeded. Skipping ingestion.
2026-06-10 09:19:55,585 - httpx - INFO - HTTP Request: GET http://testserver/api/analytics/correlation-matrix "HTTP/1.1 200 OK"
2026-06-10 09:19:55,593 - main - INFO - Application starting up...
2026-06-10 09:19:55,593 - ev_fleet_management.src.data_ingestion - INFO - Creating database tables if not exist...
2026-06-10 09:19:55,595 - ev_fleet_management.src.data_ingestion - INFO - Database already seeded. Skipping ingestion.
2026-06-10 09:19:55,597 - httpx - INFO - HTTP Request: GET http://testserver/api/analytics/charts "HTTP/1.1 200 OK"
2026-06-10 09:19:55,606 - main - INFO - Application starting up...
2026-06-10 09:19:55,606 - ev_fleet_management.src.data_ingestion - INFO - Creating database tables if not exist...
2026-06-10 09:19:55,607 - ev_fleet_management.src.data_ingestion - INFO - Database already seeded. Skipping ingestion.
2026-06-10 09:19:55,619 - httpx - INFO - HTTP Request: GET http://testserver/api/analytics/driver-efficiency "HTTP/1.1 200 OK"
2026-06-10 09:19:55,627 - main - INFO - Application starting up...
2026-06-10 09:19:55,627 - ev_fleet_management.src.data_ingestion - INFO - Creating database tables if not exist...
2026-06-10 09:19:55,628 - ev_fleet_management.src.data_ingestion - INFO - Database already seeded. Skipping ingestion.
2026-06-10 09:19:55,660 - httpx - INFO - HTTP Request: GET http://testserver/api/analytics/fleet-report "HTTP/1.1 200 OK"
2026-06-10 09:19:55,667 - main - INFO - Application starting up...
2026-06-10 09:19:55,667 - ev_fleet_management.src.data_ingestion - INFO - Creating database tables if not exist...
2026-06-10 09:19:55,668 - ev_fleet_management.src.data_ingestion - INFO - Database already seeded. Skipping ingestion.
2026-06-10 09:19:55,679 - httpx - INFO - HTTP Request: GET http://testserver/api/analytics/driver-violations/D111 "HTTP/1.1 200 OK"
2026-06-10 09:20:17,170 - __main__ - INFO - Starting server at http://127.0.0.1:8000
2026-06-10 09:20:18,805 - main - INFO - Application starting up...
2026-06-10 09:20:18,806 - ev_fleet_management.src.data_ingestion - INFO - Creating database tables if not exist...
2026-06-10 09:20:18,819 - ev_fleet_management.src.data_ingestion - INFO - Database already seeded. Skipping ingestion.
2026-06-10 09:28:41,206 - main - INFO - Application starting up...
2026-06-10 09:28:41,207 - ev_fleet_management.src.data_ingestion - INFO - Creating database tables if not exist...
2026-06-10 09:28:41,238 - ev_fleet_management.src.data_ingestion - INFO - Database already seeded. Skipping ingestion.
2026-06-10 09:28:41,824 - ev_fleet_management.src.auth - INFO - 📧 Mock Email Verification dispatched to driver999@evfleet.com!
2026-06-10 09:28:41,824 - ev_fleet_management.src.auth - INFO - 👉 CLICK TO VERIFY ACCOUNT: http://127.0.0.1:8000/api/auth/verify/verify_D999
2026-06-10 09:28:41,826 - httpx - INFO - HTTP Request: POST http://testserver/api/auth/register "HTTP/1.1 201 Created"
2026-06-10 09:28:41,886 - main - INFO - Application starting up...
2026-06-10 09:28:41,886 - ev_fleet_management.src.data_ingestion - INFO - Creating database tables if not exist...
2026-06-10 09:28:41,889 - ev_fleet_management.src.data_ingestion - INFO - Database already seeded. Skipping ingestion.
2026-06-10 09:28:42,365 - ev_fleet_management.src.auth - INFO - 📧 Mock Email Verification dispatched to driver888@evfleet.com!
2026-06-10 09:28:42,365 - ev_fleet_management.src.auth - INFO - 👉 CLICK TO VERIFY ACCOUNT: http://127.0.0.1:8000/api/auth/verify/verify_D888
2026-06-10 09:28:42,367 - httpx - INFO - HTTP Request: POST http://testserver/api/auth/register "HTTP/1.1 201 Created"
2026-06-10 09:28:42,372 - httpx - INFO - HTTP Request: POST http://testserver/api/auth/register "HTTP/1.1 400 Bad Request"
2026-06-10 09:28:42,388 - main - INFO - Application starting up...
2026-06-10 09:28:42,388 - ev_fleet_management.src.data_ingestion - INFO - Creating database tables if not exist...
2026-06-10 09:28:42,390 - ev_fleet_management.src.data_ingestion - INFO - Database already seeded. Skipping ingestion.
2026-06-10 09:28:42,877 - ev_fleet_management.src.auth - INFO - 📧 Mock Email Verification dispatched to driver777@evfleet.com!
2026-06-10 09:28:42,877 - ev_fleet_management.src.auth - INFO - 👉 CLICK TO VERIFY ACCOUNT: http://127.0.0.1:8000/api/auth/verify/verify_D777
2026-06-10 09:28:42,879 - httpx - INFO - HTTP Request: POST http://testserver/api/auth/register "HTTP/1.1 201 Created"
2026-06-10 09:28:43,312 - httpx - INFO - HTTP Request: POST http://testserver/api/auth/login "HTTP/1.1 401 Unauthorized"
2026-06-10 09:28:43,325 - main - INFO - Application starting up...
2026-06-10 09:28:43,326 - ev_fleet_management.src.data_ingestion - INFO - Creating database tables if not exist...
2026-06-10 09:28:43,328 - ev_fleet_management.src.data_ingestion - INFO - Database already seeded. Skipping ingestion.
2026-06-10 09:28:43,724 - ev_fleet_management.src.auth - INFO - 📧 Mock Email Verification dispatched to driver666@evfleet.com!
2026-06-10 09:28:43,724 - ev_fleet_management.src.auth - INFO - 👉 CLICK TO VERIFY ACCOUNT: http://127.0.0.1:8000/api/auth/verify/verify_D666
2026-06-10 09:28:43,726 - httpx - INFO - HTTP Request: POST http://testserver/api/auth/register "HTTP/1.1 201 Created"
2026-06-10 09:28:43,734 - httpx - INFO - HTTP Request: GET http://testserver/api/auth/verify/verify_D666 "HTTP/1.1 200 OK"
2026-06-10 09:28:44,086 - httpx - INFO - HTTP Request: POST http://testserver/api/auth/login "HTTP/1.1 200 OK"
2026-06-10 09:28:44,091 - httpx - INFO - HTTP Request: GET http://testserver/api/auth/me "HTTP/1.1 200 OK"
2026-06-10 09:28:44,094 - httpx - INFO - HTTP Request: POST http://testserver/api/auth/logout "HTTP/1.1 200 OK"
2026-06-10 09:28:44,154 - main - INFO - Application starting up...
2026-06-10 09:28:44,154 - ev_fleet_management.src.data_ingestion - INFO - Creating database tables if not exist...
2026-06-10 09:28:44,157 - ev_fleet_management.src.data_ingestion - INFO - Database already seeded. Skipping ingestion.
2026-06-10 09:28:44,728 - httpx - INFO - HTTP Request: GET http://testserver/api/analytics/correlation-matrix "HTTP/1.1 200 OK"
2026-06-10 09:28:44,745 - main - INFO - Application starting up...
2026-06-10 09:28:44,746 - ev_fleet_management.src.data_ingestion - INFO - Creating database tables if not exist...
2026-06-10 09:28:44,749 - ev_fleet_management.src.data_ingestion - INFO - Database already seeded. Skipping ingestion.
2026-06-10 09:28:44,754 - httpx - INFO - HTTP Request: GET http://testserver/api/analytics/charts "HTTP/1.1 200 OK"
2026-06-10 09:28:44,771 - main - INFO - Application starting up...
2026-06-10 09:28:44,772 - ev_fleet_management.src.data_ingestion - INFO - Creating database tables if not exist...
2026-06-10 09:28:44,774 - ev_fleet_management.src.data_ingestion - INFO - Database already seeded. Skipping ingestion.
2026-06-10 09:28:44,801 - httpx - INFO - HTTP Request: GET http://testserver/api/analytics/driver-efficiency "HTTP/1.1 200 OK"
2026-06-10 09:28:44,836 - main - INFO - Application starting up...
2026-06-10 09:28:44,837 - ev_fleet_management.src.data_ingestion - INFO - Creating database tables if not exist...
2026-06-10 09:28:44,840 - ev_fleet_management.src.data_ingestion - INFO - Database already seeded. Skipping ingestion.
2026-06-10 09:28:44,895 - httpx - INFO - HTTP Request: GET http://testserver/api/analytics/fleet-report "HTTP/1.1 200 OK"
2026-06-10 09:28:44,912 - main - INFO - Application starting up...
2026-06-10 09:28:44,913 - ev_fleet_management.src.data_ingestion - INFO - Creating database tables if not exist...
2026-06-10 09:28:44,916 - ev_fleet_management.src.data_ingestion - INFO - Database already seeded. Skipping ingestion.
2026-06-10 09:28:44,934 - httpx - INFO - HTTP Request: GET http://testserver/api/analytics/driver-violations/D111 "HTTP/1.1 200 OK"
2026-06-10 10:02:06,930 - __main__ - INFO - Starting server at http://127.0.0.1:8000
2026-06-10 10:02:08,434 - main - INFO - Application starting up...
2026-06-10 10:02:08,435 - ev_fleet_management.src.data_ingestion - INFO - Creating database tables if not exist...
2026-06-10 10:02:08,447 - ev_fleet_management.src.data_ingestion - INFO - Database already seeded. Skipping ingestion.
